<?xml version="1.0"?>
<testsuites>
  <testsuite name="PhantomJS 1.9.7 (Windows 7)" package="" timestamp="2014-02-14T13:56:06" id="0" hostname="A34DUVW22140" tests="14" errors="0" failures="0" time="0.098">
    <properties>
      <property name="browser.fullName" value="Mozilla/5.0 (Windows NT 6.1; WOW64) AppleWebKit/534.34 (KHTML, like Gecko) PhantomJS/1.9.7 Safari/534.34"/>
    </properties>
    <testcase name="should retrieve user" time="0.039" classname="PhantomJS 1.9.7 (Windows 7).order_form_controller"/>
    <testcase name="should accept foreign characters is user name" time="0.007" classname="PhantomJS 1.9.7 (Windows 7).order_form_controller"/>
    <testcase name="should only be able to click on availiable environmentClasses " time="0.008" classname="PhantomJS 1.9.7 (Windows 7).order_form_controller"/>
    <testcase name="should only be possible to choose fss when in u environment class" time="0.006" classname="PhantomJS 1.9.7 (Windows 7).order_form_controller"/>
    <testcase name="should be possible to choose both zones when selected environment class is other than U" time="0.005" classname="PhantomJS 1.9.7 (Windows 7).order_form_controller"/>
    <testcase name="should fetch datasources" time="0.009" classname="PhantomJS 1.9.7 (Windows 7).order_form_controller"/>
    <testcase name="should set deployment manager not found on formerror when BPM NODE" time="0.014" classname="PhantomJS 1.9.7 (Windows 7).order_form_controller"/>
    <testcase name="should remove form errors when changing nodeType" time="0.009" classname="PhantomJS 1.9.7 (Windows 7).order_form_controller"/>
    <testcase name="withObjectInPath" time="0" classname="PhantomJS 1.9.7 (Windows 7).util"/>
    <testcase name="withObjectInPath" time="0" classname="PhantomJS 1.9.7 (Windows 7).util"/>
    <testcase name="should convert a string to an array" time="0.001" classname="PhantomJS 1.9.7 (Windows 7).util"/>
    <testcase name="should convert an object to an array" time="0" classname="PhantomJS 1.9.7 (Windows 7).util"/>
    <testcase name="should not convert an array to an array of array" time="0" classname="PhantomJS 1.9.7 (Windows 7).util"/>
    <testcase name="should not convert an array of object to an array of array of object" time="0" classname="PhantomJS 1.9.7 (Windows 7).util"/>
    <system-out><![CDATA[
]]></system-out>
    <system-err/>
  </testsuite>
</testsuites>
